Android/app/build/intermediates/manifest_merge_blame_file/debug/processDebugMainManifest/manifest-merger-blame-debug-report 3.txt
1<?xml version="1.0" encoding="utf-8"?>
2<manifest xmlns:android="http://schemas.android.com/apk/res/android"
3    package="com.airsend"
4    android:versionCode="1"
5    android:versionName="1.0" >
6
7    <uses-sdk
8        android:minSdkVersion="26"
9        android:targetSdkVersion="34" />
10
11    <uses-permission android:name="android.permission.INTERNET" />
11-->src/main/AndroidManifest.xml:4:5-67
11-->src/main/AndroidManifest.xml:4:22-64
12    <uses-permission android:name="android.permission.RECEIVE_BOOT_COMPLETED" />
12-->src/main/AndroidManifest.xml:5:5-81
12-->src/main/AndroidManifest.xml:5:22-78
13    <uses-permission android:name="android.permission.FOREGROUND_SERVICE" />
13-->src/main/AndroidManifest.xml:6:5-77
13-->src/main/AndroidManifest.xml:6:22-74
14    <uses-permission android:name="android.permission.FOREGROUND_SERVICE_DATA_SYNC" />
14-->src/main/AndroidManifest.xml:7:5-87
14-->src/main/AndroidManifest.xml:7:22-84
15
16    <permission
16-->[androidx.core:core:1.13.1] AndroidManifest.xml:22:5-24:47
17        android:name="com.airsend.DYNAMIC_RECEIVER_NOT_EXPORTED_PERMISSION"
17-->[androidx.core:core:1.13.1] AndroidManifest.xml:23:9-81
18        android:protectionLevel="signature" />
18-->[androidx.core:core:1.13.1] AndroidManifest.xml:24:9-44
19
20    <uses-permission android:name="com.airsend.DYNAMIC_RECEIVER_NOT_EXPORTED_PERMISSION" />
20-->[androidx.core:core:1.13.1] AndroidManifest.xml:26:5-97
20-->[androidx.core:core:1.13.1] AndroidManifest.xml:26:22-94
21
22    <application
22-->src/main/AndroidManifest.xml:10:5-70:19
23        android:allowBackup="true"
23-->src/main/AndroidManifest.xml:11:9-35
24        android:appComponentFactory="androidx.core.app.CoreComponentFactory"
24-->[androidx.core:core:1.13.1] AndroidManifest.xml:28:18-86
25        android:debuggable="true"
26        android:extractNativeLibs="false"
27        android:label="AirSend"
27-->src/main/AndroidManifest.xml:12:9-32
28        android:testOnly="true"
29        android:theme="@style/Theme.AppCompat.Light.NoActionBar" >
29-->src/main/AndroidManifest.xml:13:9-65
30
31        <!-- LSPosed/Xposed 模块声明 -->
32        <meta-data
32-->src/main/AndroidManifest.xml:16:9-18:36
33            android:name="xposedmodule"
33-->src/main/AndroidManifest.xml:17:13-40
34            android:value="true" />
34-->src/main/AndroidManifest.xml:18:13-33
35        <meta-data
35-->src/main/AndroidManifest.xml:19:9-21:57
36            android:name="xposeddescription"
36-->src/main/AndroidManifest.xml:20:13-45
37            android:value="AirSend 特权模块：实现系统级剪贴板自动同步" />
37-->src/main/AndroidManifest.xml:21:13-54
38        <meta-data
38-->src/main/AndroidManifest.xml:22:9-24:34
39            android:name="xposedminversion"
39-->src/main/AndroidManifest.xml:23:13-44
40            android:value="93" />
40-->src/main/AndroidManifest.xml:24:13-31
41
42        <activity
42-->src/main/AndroidManifest.xml:26:9-33:20
43            android:name="com.airsend.MainActivity"
43-->src/main/AndroidManifest.xml:27:13-41
44            android:exported="true" >
44-->src/main/AndroidManifest.xml:28:13-36
45            <intent-filter>
45-->src/main/AndroidManifest.xml:29:13-32:29
46                <action android:name="android.intent.action.MAIN" />
46-->src/main/AndroidManifest.xml:30:17-69
46-->src/main/AndroidManifest.xml:30:25-66
47
48                <category android:name="android.intent.category.LAUNCHER" />
48-->src/main/AndroidManifest.xml:31:17-77
48-->src/main/AndroidManifest.xml:31:27-74
49            </intent-filter>
50        </activity>
51
52        <!-- Share Activity (BottomSheet UI) -->
53        <activity
53-->src/main/AndroidManifest.xml:36:9-52:20
54            android:name="com.airsend.ShareActivity"
54-->src/main/AndroidManifest.xml:37:13-42
55            android:excludeFromRecents="true"
55-->src/main/AndroidManifest.xml:39:13-46
56            android:exported="true"
56-->src/main/AndroidManifest.xml:41:13-36
57            android:noHistory="true"
57-->src/main/AndroidManifest.xml:40:13-37
58            android:theme="@style/Theme.AppCompat.Dialog" >
58-->src/main/AndroidManifest.xml:38:13-58
59            <intent-filter>
59-->src/main/AndroidManifest.xml:42:13-46:29
60                <action android:name="android.intent.action.SEND" />
60-->src/main/AndroidManifest.xml:43:17-69
60-->src/main/AndroidManifest.xml:43:25-66
61
62                <category android:name="android.intent.category.DEFAULT" />
62-->src/main/AndroidManifest.xml:44:17-76
62-->src/main/AndroidManifest.xml:44:27-73
63
64                <data android:mimeType="*/*" />
64-->src/main/AndroidManifest.xml:45:17-48
64-->src/main/AndroidManifest.xml:45:23-45
65            </intent-filter>
66            <intent-filter>
66-->src/main/AndroidManifest.xml:47:13-51:29
67                <action android:name="android.intent.action.SEND_MULTIPLE" />
67-->src/main/AndroidManifest.xml:48:17-78
67-->src/main/AndroidManifest.xml:48:25-75
68
69                <category android:name="android.intent.category.DEFAULT" />
69-->src/main/AndroidManifest.xml:44:17-76
69-->src/main/AndroidManifest.xml:44:27-73
70
71                <data android:mimeType="*/*" />
71-->src/main/AndroidManifest.xml:45:17-48
71-->src/main/AndroidManifest.xml:45:23-45
72            </intent-filter>
73        </activity>
74
75        <receiver
75-->src/main/AndroidManifest.xml:54:9-61:20
76            android:name="com.airsend.BootReceiver"
76-->src/main/AndroidManifest.xml:55:13-41
77            android:enabled="true"
77-->src/main/AndroidManifest.xml:56:13-35
78            android:exported="false" >
78-->src/main/AndroidManifest.xml:57:13-37
79            <intent-filter>
79-->src/main/AndroidManifest.xml:58:13-60:29
80                <action android:name="android.intent.action.BOOT_COMPLETED" />
80-->src/main/AndroidManifest.xml:59:17-79
80-->src/main/AndroidManifest.xml:59:25-76
81            </intent-filter>
82        </receiver>
83
84        <!-- Foreground Service (Normal App Process) -->
85        <service
85-->src/main/AndroidManifest.xml:64:9-68:56
86            android:name="com.airsend.AirSendService"
86-->src/main/AndroidManifest.xml:65:13-43
87            android:enabled="true"
87-->src/main/AndroidManifest.xml:66:13-35
88            android:exported="false"
88-->src/main/AndroidManifest.xml:67:13-37
89            android:foregroundServiceType="dataSync" />
89-->src/main/AndroidManifest.xml:68:13-53
90
91        <provider
91-->[androidx.emoji2:emoji2:1.2.0] AndroidManifest.xml:24:9-32:20
92            android:name="androidx.startup.InitializationProvider"
92-->[androidx.emoji2:emoji2:1.2.0] AndroidManifest.xml:25:13-67
93            android:authorities="com.airsend.androidx-startup"
93-->[androidx.emoji2:emoji2:1.2.0] AndroidManifest.xml:26:13-68
94            android:exported="false" >
94-->[androidx.emoji2:emoji2:1.2.0] AndroidManifest.xml:27:13-37
95            <meta-data
95-->[androidx.emoji2:emoji2:1.2.0] AndroidManifest.xml:29:13-31:52
96                android:name="androidx.emoji2.text.EmojiCompatInitializer"
96-->[androidx.emoji2:emoji2:1.2.0] AndroidManifest.xml:30:17-75
97                android:value="androidx.startup" />
97-->[androidx.emoji2:emoji2:1.2.0] AndroidManifest.xml:31:17-49
98            <meta-data
98-->[androidx.lifecycle:lifecycle-process:2.6.2] AndroidManifest.xml:29:13-31:52
99                android:name="androidx.lifecycle.ProcessLifecycleInitializer"
99-->[androidx.lifecycle:lifecycle-process:2.6.2] AndroidManifest.xml:30:17-78
100                android:value="androidx.startup" />
100-->[androidx.lifecycle:lifecycle-process:2.6.2] AndroidManifest.xml:31:17-49
101            <meta-data
101-->[androidx.profileinstaller:profileinstaller:1.3.0] AndroidManifest.xml:29:13-31:52
102                android:name="androidx.profileinstaller.ProfileInstallerInitializer"
102-->[androidx.profileinstaller:profileinstaller:1.3.0] AndroidManifest.xml:30:17-85
103                android:value="androidx.startup" />
103-->[androidx.profileinstaller:profileinstaller:1.3.0] AndroidManifest.xml:31:17-49
104        </provider>
105
106        <receiver
106-->[androidx.profileinstaller:profileinstaller:1.3.0] AndroidManifest.xml:34:9-52:20
107            android:name="androidx.profileinstaller.ProfileInstallReceiver"
107-->[androidx.profileinstaller:profileinstaller:1.3.0] AndroidManifest.xml:35:13-76
108            android:directBootAware="false"
108-->[androidx.profileinstaller:profileinstaller:1.3.0] AndroidManifest.xml:36:13-44
109            android:enabled="true"
109-->[androidx.profileinstaller:profileinstaller:1.3.0] AndroidManifest.xml:37:13-35
110            android:exported="true"
110-->[androidx.profileinstaller:profileinstaller:1.3.0] AndroidManifest.xml:38:13-36
111            android:permission="android.permission.DUMP" >
111-->[androidx.profileinstaller:profileinstaller:1.3.0] AndroidManifest.xml:39:13-57
112            <intent-filter>
112-->[androidx.profileinstaller:profileinstaller:1.3.0] AndroidManifest.xml:40:13-42:29
113                <action android:name="androidx.profileinstaller.action.INSTALL_PROFILE" />
113-->[androidx.profileinstaller:profileinstaller:1.3.0] AndroidManifest.xml:41:17-91
113-->[androidx.profileinstaller:profileinstaller:1.3.0] AndroidManifest.xml:41:25-88
114            </intent-filter>
115            <intent-filter>
115-->[androidx.profileinstaller:profileinstaller:1.3.0] AndroidManifest.xml:43:13-45:29
116                <action android:name="androidx.profileinstaller.action.SKIP_FILE" />
116-->[androidx.profileinstaller:profileinstaller:1.3.0] AndroidManifest.xml:44:17-85
116-->[androidx.profileinstaller:profileinstaller:1.3.0] AndroidManifest.xml:44:25-82
117            </intent-filter>
118            <intent-filter>
118-->[androidx.profileinstaller:profileinstaller:1.3.0] AndroidManifest.xml:46:13-48:29
119                <action android:name="androidx.profileinstaller.action.SAVE_PROFILE" />
119-->[androidx.profileinstaller:profileinstaller:1.3.0] AndroidManifest.xml:47:17-88
119-->[androidx.profileinstaller:profileinstaller:1.3.0] AndroidManifest.xml:47:25-85
120            </intent-filter>
121            <intent-filter>
121-->[androidx.profileinstaller:profileinstaller:1.3.0] AndroidManifest.xml:49:13-51:29
122                <action android:name="androidx.profileinstaller.action.BENCHMARK_OPERATION" />
122-->[androidx.profileinstaller:profileinstaller:1.3.0] AndroidManifest.xml:50:17-95
122-->[androidx.profileinstaller:profileinstaller:1.3.0] AndroidManifest.xml:50:25-92
123            </intent-filter>
124        </receiver>
125    </application>
126
127</manifest>